<?xml version="1.0" ?>
<!DOCTYPE coverage SYSTEM "http://cobertura.sourceforge.net/xml/coverage-04.dtd">
<coverage lines-valid="143"  lines-covered="63"  line-rate="0.44060000000000005"  branches-valid="79"  branches-covered="31"  branch-rate="0.3924"  timestamp="1442681894057" complexity="0" version="0.1">
<sources>
	<source>C:\Users\andyw_000\Projects\WebCopy.git</source>
</sources>
<packages>
	<package name="src"  line-rate="0.02"  branch-rate="0" >
	<classes>
		<class name="main.js"  filename="src\main.js"  line-rate="0.02"  branch-rate="0" >
		<methods>
			<method name="(anonymous_1)"  hits="0"  signature="()V" >
				<lines><line number="1"  hits="0" /></lines>
			</method>
			<method name="(anonymous_2)"  hits="0"  signature="()V" >
				<lines><line number="53"  hits="0" /></lines>
			</method>
			<method name="(anonymous_3)"  hits="0"  signature="()V" >
				<lines><line number="89"  hits="0" /></lines>
			</method>
		</methods>
		<lines>
			<line number="1"  hits="1"  branch="false" />
			<line number="4"  hits="0"  branch="true"  condition-coverage="0% (0/2)" />
			<line number="5"  hits="0"  branch="false" />
			<line number="6"  hits="0"  branch="false" />
			<line number="7"  hits="0"  branch="false" />
			<line number="11"  hits="0"  branch="false" />
			<line number="14"  hits="0"  branch="true"  condition-coverage="0% (0/2)" />
			<line number="15"  hits="0"  branch="false" />
			<line number="16"  hits="0"  branch="false" />
			<line number="17"  hits="0"  branch="false" />
			<line number="20"  hits="0"  branch="false" />
			<line number="22"  hits="0"  branch="false" />
			<line number="24"  hits="0"  branch="false" />
			<line number="27"  hits="0"  branch="true"  condition-coverage="0% (0/6)" />
			<line number="28"  hits="0"  branch="false" />
			<line number="32"  hits="0"  branch="false" />
			<line number="33"  hits="0"  branch="true"  condition-coverage="0% (0/4)" />
			<line number="34"  hits="0"  branch="false" />
			<line number="38"  hits="0"  branch="false" />
			<line number="39"  hits="0"  branch="true"  condition-coverage="0% (0/4)" />
			<line number="40"  hits="0"  branch="false" />
			<line number="44"  hits="0"  branch="false" />
			<line number="47"  hits="0"  branch="false" />
			<line number="48"  hits="0"  branch="false" />
			<line number="49"  hits="0"  branch="false" />
			<line number="50"  hits="0"  branch="false" />
			<line number="53"  hits="0"  branch="false" />
			<line number="54"  hits="0"  branch="false" />
			<line number="55"  hits="0"  branch="false" />
			<line number="57"  hits="0"  branch="true"  condition-coverage="0% (0/2)" />
			<line number="58"  hits="0"  branch="false" />
			<line number="59"  hits="0"  branch="false" />
			<line number="60"  hits="0"  branch="false" />
			<line number="61"  hits="0"  branch="false" />
			<line number="62"  hits="0"  branch="false" />
			<line number="65"  hits="0"  branch="false" />
			<line number="69"  hits="0"  branch="false" />
			<line number="72"  hits="0"  branch="true"  condition-coverage="0% (0/2)" />
			<line number="73"  hits="0"  branch="false" />
			<line number="74"  hits="0"  branch="false" />
			<line number="77"  hits="0"  branch="true"  condition-coverage="0% (0/2)" />
			<line number="78"  hits="0"  branch="true"  condition-coverage="0% (0/2)" />
			<line number="79"  hits="0"  branch="false" />
			<line number="82"  hits="0"  branch="false" />
			<line number="84"  hits="0"  branch="false" />
			<line number="89"  hits="0"  branch="false" />
			<line number="90"  hits="0"  branch="false" />
			<line number="91"  hits="0"  branch="false" />
			<line number="92"  hits="0"  branch="false" />
			<line number="96"  hits="0"  branch="false" />
		</lines>
		</class>
	</classes>
	</package>
	<package name="src.lib"  line-rate="0.6667000000000001"  branch-rate="0.5849" >
	<classes>
		<class name="classes.js"  filename="src\lib\classes.js"  line-rate="1"  branch-rate="0.75" >
		<methods>
			<method name="(anonymous_1)"  hits="1"  signature="()V" >
				<lines><line number="1"  hits="1" /></lines>
			</method>
			<method name="(anonymous_2)"  hits="7"  signature="()V" >
				<lines><line number="3"  hits="7" /></lines>
			</method>
			<method name="(anonymous_3)"  hits="7"  signature="()V" >
				<lines><line number="10"  hits="7" /></lines>
			</method>
			<method name="(anonymous_4)"  hits="14"  signature="()V" >
				<lines><line number="22"  hits="14" /></lines>
			</method>
		</methods>
		<lines>
			<line number="1"  hits="1"  branch="false" />
			<line number="3"  hits="1"  branch="false" />
			<line number="5"  hits="7"  branch="false" />
			<line number="6"  hits="7"  branch="false" />
			<line number="10"  hits="1"  branch="false" />
			<line number="12"  hits="7"  branch="false" />
			<line number="13"  hits="7"  branch="false" />
			<line number="17"  hits="1"  branch="false" />
			<line number="22"  hits="1"  branch="false" />
			<line number="24"  hits="14"  branch="false" />
			<line number="26"  hits="14"  branch="false" />
			<line number="28"  hits="23"  branch="false" />
			<line number="30"  hits="23"  branch="true"  condition-coverage="100% (2/2)" />
			<line number="31"  hits="11"  branch="false" />
			<line number="33"  hits="12"  branch="true"  condition-coverage="50% (1/2)" />
			<line number="34"  hits="12"  branch="false" />
			<line number="39"  hits="14"  branch="false" />
			<line number="40"  hits="14"  branch="false" />
		</lines>
		</class>
		<class name="customization.js"  filename="src\lib\customization.js"  line-rate="0.9545"  branch-rate="0.8462000000000001" >
		<methods>
			<method name="(anonymous_1)"  hits="1"  signature="()V" >
				<lines><line number="1"  hits="1" /></lines>
			</method>
			<method name="(anonymous_2)"  hits="2"  signature="()V" >
				<lines><line number="3"  hits="2" /></lines>
			</method>
			<method name="(anonymous_3)"  hits="2"  signature="()V" >
				<lines><line number="11"  hits="2" /></lines>
			</method>
			<method name="(anonymous_4)"  hits="4"  signature="()V" >
				<lines><line number="24"  hits="4" /></lines>
			</method>
		</methods>
		<lines>
			<line number="1"  hits="1"  branch="false" />
			<line number="3"  hits="1"  branch="false" />
			<line number="5"  hits="2"  branch="false" />
			<line number="6"  hits="2"  branch="false" />
			<line number="8"  hits="2"  branch="false" />
			<line number="11"  hits="1"  branch="false" />
			<line number="13"  hits="2"  branch="false" />
			<line number="14"  hits="2"  branch="false" />
			<line number="16"  hits="2"  branch="false" />
			<line number="19"  hits="1"  branch="false" />
			<line number="24"  hits="1"  branch="false" />
			<line number="26"  hits="4"  branch="true"  condition-coverage="75% (3/4)" />
			<line number="27"  hits="0"  branch="false" />
			<line number="30"  hits="4"  branch="false" />
			<line number="32"  hits="4"  branch="false" />
			<line number="34"  hits="12"  branch="false" />
			<line number="36"  hits="12"  branch="true"  condition-coverage="100% (5/5)" />
			<line number="38"  hits="6"  branch="true"  condition-coverage="100% (2/2)" />
			<line number="39"  hits="3"  branch="false" />
			<line number="42"  hits="3"  branch="true"  condition-coverage="50% (1/2)" />
			<line number="43"  hits="3"  branch="false" />
			<line number="49"  hits="4"  branch="false" />
		</lines>
		</class>
		<class name="cuts-the-mustard.js"  filename="src\lib\cuts-the-mustard.js"  line-rate="0.6364"  branch-rate="1" >
		<methods>
			<method name="(anonymous_1)"  hits="2"  signature="()V" >
				<lines><line number="1"  hits="2" /></lines>
			</method>
			<method name="(anonymous_2)"  hits="0"  signature="()V" >
				<lines><line number="7"  hits="0" /></lines>
			</method>
		</methods>
		<lines>
			<line number="1"  hits="1"  branch="false" />
			<line number="3"  hits="2"  branch="false" />
			<line number="6"  hits="2"  branch="true"  condition-coverage="100% (2/2)" />
			<line number="7"  hits="1"  branch="false" />
			<line number="8"  hits="0"  branch="false" />
			<line number="9"  hits="0"  branch="false" />
			<line number="10"  hits="0"  branch="false" />
			<line number="11"  hits="0"  branch="false" />
			<line number="13"  hits="1"  branch="false" />
			<line number="14"  hits="1"  branch="false" />
			<line number="17"  hits="2"  branch="false" />
		</lines>
		</class>
		<class name="defaults.js"  filename="src\lib\defaults.js"  line-rate="1"  branch-rate="1" >
		<methods>
			<method name="(anonymous_1)"  hits="2"  signature="()V" >
				<lines><line number="1"  hits="2" /></lines>
			</method>
		</methods>
		<lines>
			<line number="1"  hits="1"  branch="false" />
			<line number="3"  hits="2"  branch="false" />
			<line number="9"  hits="2"  branch="false" />
			<line number="15"  hits="2"  branch="false" />
		</lines>
		</class>
		<class name="element-is-valid.js"  filename="src\lib\element-is-valid.js"  line-rate="1"  branch-rate="1" >
		<methods>
			<method name="(anonymous_1)"  hits="14"  signature="()V" >
				<lines><line number="1"  hits="14" /></lines>
			</method>
		</methods>
		<lines>
			<line number="1"  hits="1"  branch="false" />
			<line number="3"  hits="14"  branch="true"  condition-coverage="100% (4/4)" />
			<line number="4"  hits="2"  branch="false" />
			<line number="7"  hits="12"  branch="true"  condition-coverage="100% (2/2)" />
			<line number="9"  hits="12"  branch="false" />
			<line number="10"  hits="12"  branch="false" />
			<line number="11"  hits="12"  branch="true"  condition-coverage="100% (5/5)" />
			<line number="13"  hits="12"  branch="true"  condition-coverage="100% (4/4)" />
		</lines>
		</class>
		<class name="get-content-string.js"  filename="src\lib\get-content-string.js"  line-rate="0.2"  branch-rate="1" >
		<methods>
			<method name="(anonymous_1)"  hits="0"  signature="()V" >
				<lines><line number="1"  hits="0" /></lines>
			</method>
		</methods>
		<lines>
			<line number="1"  hits="1"  branch="false" />
			<line number="3"  hits="0"  branch="false" />
			<line number="4"  hits="0"  branch="false" />
			<line number="5"  hits="0"  branch="false" />
			<line number="7"  hits="0"  branch="false" />
		</lines>
		</class>
		<class name="insert-styles.js"  filename="src\lib\insert-styles.js"  line-rate="0.11109999999999999"  branch-rate="0" >
		<methods>
			<method name="(anonymous_1)"  hits="0"  signature="()V" >
				<lines><line number="1"  hits="0" /></lines>
			</method>
		</methods>
		<lines>
			<line number="1"  hits="1"  branch="false" />
			<line number="3"  hits="0"  branch="false" />
			<line number="5"  hits="0"  branch="true"  condition-coverage="0% (0/2)" />
			<line number="6"  hits="0"  branch="false" />
			<line number="13"  hits="0"  branch="false" />
			<line number="16"  hits="0"  branch="false" />
			<line number="17"  hits="0"  branch="false" />
			<line number="18"  hits="0"  branch="false" />
			<line number="19"  hits="0"  branch="false" />
		</lines>
		</class>
		<class name="is-supported.js"  filename="src\lib\is-supported.js"  line-rate="0.1"  branch-rate="0" >
		<methods>
			<method name="(anonymous_1)"  hits="0"  signature="()V" >
				<lines><line number="1"  hits="0" /></lines>
			</method>
		</methods>
		<lines>
			<line number="1"  hits="1"  branch="false" />
			<line number="5"  hits="0"  branch="true"  condition-coverage="0% (0/3)" />
			<line number="7"  hits="0"  branch="true"  condition-coverage="0% (0/2)" />
			<line number="8"  hits="0"  branch="false" />
			<line number="13"  hits="0"  branch="true"  condition-coverage="0% (0/2)" />
			<line number="14"  hits="0"  branch="true"  condition-coverage="0% (0/2)" />
			<line number="15"  hits="0"  branch="false" />
			<line number="19"  hits="0"  branch="true"  condition-coverage="0% (0/2)" />
			<line number="20"  hits="0"  branch="false" />
			<line number="24"  hits="0"  branch="false" />
		</lines>
		</class>
		<class name="sanitized-element.js"  filename="src\lib\sanitized-element.js"  line-rate="0.16670000000000001"  branch-rate="0" >
		<methods>
			<method name="(anonymous_1)"  hits="0"  signature="()V" >
				<lines><line number="1"  hits="0" /></lines>
			</method>
		</methods>
		<lines>
			<line number="1"  hits="1"  branch="false" />
			<line number="4"  hits="0"  branch="true"  condition-coverage="0% (0/2)" />
			<line number="5"  hits="0"  branch="false" />
			<line number="9"  hits="0"  branch="true"  condition-coverage="0% (0/4)" />
			<line number="10"  hits="0"  branch="false" />
			<line number="13"  hits="0"  branch="false" />
		</lines>
		</class>
	</classes>
	</package>
</packages>
</coverage>
