{"src\\lib\\classes.js":{"path":"src\\lib\\classes.js","s":{"1":1,"2":9,"3":22,"4":22,"5":9,"6":16,"7":16,"8":9,"9":9,"10":38,"11":38,"12":61,"13":61,"14":36,"15":25,"16":25,"17":25,"18":25,"19":38,"20":38},"b":{"1":[36,25],"2":[25,0]},"f":{"1":9,"2":22,"3":16,"4":38},"fnMap":{"1":{"name":"(anonymous_1)","line":1,"loc":{"start":{"line":1,"column":22},"end":{"line":1,"column":33}}},"2":{"name":"(anonymous_2)","line":3,"loc":{"start":{"line":3,"column":15},"end":{"line":3,"column":42}}},"3":{"name":"(anonymous_3)","line":10,"loc":{"start":{"line":10,"column":18},"end":{"line":10,"column":45}}},"4":{"name":"(anonymous_4)","line":22,"loc":{"start":{"line":22,"column":26},"end":{"line":22,"column":71}}}},"statementMap":{"1":{"start":{"line":1,"column":2},"end":{"line":46,"column":4}},"2":{"start":{"line":3,"column":4},"end":{"line":8,"column":6}},"3":{"start":{"line":5,"column":6},"end":{"line":5,"column":73}},"4":{"start":{"line":6,"column":6},"end":{"line":6,"column":21}},"5":{"start":{"line":10,"column":4},"end":{"line":15,"column":6}},"6":{"start":{"line":12,"column":6},"end":{"line":12,"column":76}},"7":{"start":{"line":13,"column":6},"end":{"line":13,"column":21}},"8":{"start":{"line":17,"column":4},"end":{"line":20,"column":6}},"9":{"start":{"line":22,"column":4},"end":{"line":44,"column":6}},"10":{"start":{"line":24,"column":6},"end":{"line":24,"column":42}},"11":{"start":{"line":26,"column":6},"end":{"line":39,"column":7}},"12":{"start":{"line":28,"column":8},"end":{"line":28,"column":32}},"13":{"start":{"line":30,"column":8},"end":{"line":37,"column":9}},"14":{"start":{"line":31,"column":10},"end":{"line":31,"column":41}},"15":{"start":{"line":33,"column":13},"end":{"line":37,"column":9}},"16":{"start":{"line":34,"column":10},"end":{"line":34,"column":60}},"17":{"start":{"line":35,"column":10},"end":{"line":35,"column":70}},"18":{"start":{"line":36,"column":10},"end":{"line":36,"column":80}},"19":{"start":{"line":41,"column":6},"end":{"line":41,"column":74}},"20":{"start":{"line":42,"column":6},"end":{"line":42,"column":21}}},"branchMap":{"1":{"line":30,"type":"if","locations":[{"start":{"line":30,"column":8},"end":{"line":30,"column":8}},{"start":{"line":30,"column":8},"end":{"line":30,"column":8}}]},"2":{"line":33,"type":"if","locations":[{"start":{"line":33,"column":13},"end":{"line":33,"column":13}},{"start":{"line":33,"column":13},"end":{"line":33,"column":13}}]}}},"src\\lib\\customization.js":{"path":"src\\lib\\customization.js","s":{"1":1,"2":9,"3":9,"4":9,"5":9,"6":9,"7":9,"8":9,"9":9,"10":9,"11":9,"12":18,"13":18,"14":18,"15":54,"16":54,"17":10,"18":5,"19":5,"20":5,"21":18},"b":{"1":[18,0],"2":[18,18],"3":[10,44],"4":[54,54,10],"5":[5,5],"6":[5,0]},"f":{"1":9,"2":9,"3":9,"4":18},"fnMap":{"1":{"name":"(anonymous_1)","line":1,"loc":{"start":{"line":1,"column":25},"end":{"line":1,"column":36}}},"2":{"name":"(anonymous_2)","line":3,"loc":{"start":{"line":3,"column":19},"end":{"line":3,"column":52}}},"3":{"name":"(anonymous_3)","line":11,"loc":{"start":{"line":11,"column":19},"end":{"line":11,"column":52}}},"4":{"name":"(anonymous_4)","line":24,"loc":{"start":{"line":24,"column":27},"end":{"line":24,"column":78}}}},"statementMap":{"1":{"start":{"line":1,"column":2},"end":{"line":51,"column":4}},"2":{"start":{"line":3,"column":4},"end":{"line":9,"column":6}},"3":{"start":{"line":5,"column":6},"end":{"line":5,"column":53}},"4":{"start":{"line":6,"column":6},"end":{"line":6,"column":99}},"5":{"start":{"line":8,"column":6},"end":{"line":8,"column":21}},"6":{"start":{"line":11,"column":4},"end":{"line":17,"column":6}},"7":{"start":{"line":13,"column":6},"end":{"line":13,"column":53}},"8":{"start":{"line":14,"column":6},"end":{"line":14,"column":95}},"9":{"start":{"line":16,"column":6},"end":{"line":16,"column":21}},"10":{"start":{"line":19,"column":4},"end":{"line":22,"column":6}},"11":{"start":{"line":24,"column":4},"end":{"line":49,"column":6}},"12":{"start":{"line":26,"column":6},"end":{"line":48,"column":7}},"13":{"start":{"line":28,"column":8},"end":{"line":28,"column":28}},"14":{"start":{"line":30,"column":8},"end":{"line":45,"column":9}},"15":{"start":{"line":32,"column":10},"end":{"line":32,"column":38}},"16":{"start":{"line":34,"column":10},"end":{"line":44,"column":11}},"17":{"start":{"line":36,"column":12},"end":{"line":42,"column":13}},"18":{"start":{"line":37,"column":14},"end":{"line":37,"column":55}},"19":{"start":{"line":40,"column":17},"end":{"line":42,"column":13}},"20":{"start":{"line":41,"column":14},"end":{"line":41,"column":48}},"21":{"start":{"line":47,"column":8},"end":{"line":47,"column":24}}},"branchMap":{"1":{"line":26,"type":"if","locations":[{"start":{"line":26,"column":6},"end":{"line":26,"column":6}},{"start":{"line":26,"column":6},"end":{"line":26,"column":6}}]},"2":{"line":26,"type":"binary-expr","locations":[{"start":{"line":26,"column":10},"end":{"line":26,"column":43}},{"start":{"line":26,"column":47},"end":{"line":26,"column":71}}]},"3":{"line":34,"type":"if","locations":[{"start":{"line":34,"column":10},"end":{"line":34,"column":10}},{"start":{"line":34,"column":10},"end":{"line":34,"column":10}}]},"4":{"line":34,"type":"binary-expr","locations":[{"start":{"line":34,"column":14},"end":{"line":34,"column":39}},{"start":{"line":34,"column":43},"end":{"line":34,"column":79}},{"start":{"line":34,"column":83},"end":{"line":34,"column":110}}]},"5":{"line":36,"type":"if","locations":[{"start":{"line":36,"column":12},"end":{"line":36,"column":12}},{"start":{"line":36,"column":12},"end":{"line":36,"column":12}}]},"6":{"line":40,"type":"if","locations":[{"start":{"line":40,"column":17},"end":{"line":40,"column":17}},{"start":{"line":40,"column":17},"end":{"line":40,"column":17}}]}}},"src\\lib\\cuts-the-mustard.js":{"path":"src\\lib\\cuts-the-mustard.js","s":{"1":1,"2":3,"3":3,"4":3,"5":3,"6":2,"7":1,"8":1,"9":1,"10":1,"11":2,"12":2,"13":3},"b":{"1":[3,0],"2":[3,0],"3":[2,1]},"f":{"1":3,"2":1},"fnMap":{"1":{"name":"(anonymous_1)","line":1,"loc":{"start":{"line":1,"column":23},"end":{"line":1,"column":42}}},"2":{"name":"(anonymous_2)","line":10,"loc":{"start":{"line":10,"column":20},"end":{"line":10,"column":31}}}},"statementMap":{"1":{"start":{"line":1,"column":2},"end":{"line":22,"column":4}},"2":{"start":{"line":3,"column":4},"end":{"line":3,"column":26}},"3":{"start":{"line":4,"column":4},"end":{"line":4,"column":24}},"4":{"start":{"line":6,"column":4},"end":{"line":6,"column":20}},"5":{"start":{"line":9,"column":4},"end":{"line":18,"column":5}},"6":{"start":{"line":10,"column":6},"end":{"line":15,"column":8}},"7":{"start":{"line":11,"column":8},"end":{"line":11,"column":57}},"8":{"start":{"line":12,"column":8},"end":{"line":12,"column":67}},"9":{"start":{"line":13,"column":8},"end":{"line":13,"column":59}},"10":{"start":{"line":14,"column":8},"end":{"line":14,"column":27}},"11":{"start":{"line":16,"column":6},"end":{"line":16,"column":38}},"12":{"start":{"line":17,"column":6},"end":{"line":17,"column":19}},"13":{"start":{"line":20,"column":4},"end":{"line":20,"column":16}}},"branchMap":{"1":{"line":3,"type":"binary-expr","locations":[{"start":{"line":3,"column":10},"end":{"line":3,"column":13}},{"start":{"line":3,"column":17},"end":{"line":3,"column":25}}]},"2":{"line":4,"type":"binary-expr","locations":[{"start":{"line":4,"column":10},"end":{"line":4,"column":13}},{"start":{"line":4,"column":17},"end":{"line":4,"column":23}}]},"3":{"line":9,"type":"if","locations":[{"start":{"line":9,"column":4},"end":{"line":9,"column":4}},{"start":{"line":9,"column":4},"end":{"line":9,"column":4}}]}}},"src\\lib\\defaults.js":{"path":"src\\lib\\defaults.js","s":{"1":1,"2":10,"3":10,"4":10},"b":{},"f":{"1":10},"fnMap":{"1":{"name":"(anonymous_1)","line":1,"loc":{"start":{"line":1,"column":17},"end":{"line":1,"column":28}}}},"statementMap":{"1":{"start":{"line":1,"column":2},"end":{"line":21,"column":4}},"2":{"start":{"line":3,"column":4},"end":{"line":7,"column":6}},"3":{"start":{"line":9,"column":4},"end":{"line":13,"column":6}},"4":{"start":{"line":15,"column":4},"end":{"line":19,"column":6}}},"branchMap":{}},"src\\lib\\element-is-valid.js":{"path":"src\\lib\\element-is-valid.js","s":{"1":1,"2":25,"3":2,"4":23,"5":23,"6":23,"7":23,"8":23},"b":{"1":[2,23],"2":[25,24],"3":[1,22],"4":[15,8],"5":[23,20,13],"6":[14,9],"7":[23,21]},"f":{"1":25},"fnMap":{"1":{"name":"(anonymous_1)","line":1,"loc":{"start":{"line":1,"column":23},"end":{"line":1,"column":41}}}},"statementMap":{"1":{"start":{"line":1,"column":2},"end":{"line":14,"column":4}},"2":{"start":{"line":3,"column":4},"end":{"line":5,"column":5}},"3":{"start":{"line":4,"column":6},"end":{"line":4,"column":19}},"4":{"start":{"line":7,"column":4},"end":{"line":7,"column":96}},"5":{"start":{"line":9,"column":4},"end":{"line":9,"column":48}},"6":{"start":{"line":10,"column":4},"end":{"line":10,"column":66}},"7":{"start":{"line":11,"column":4},"end":{"line":11,"column":109}},"8":{"start":{"line":13,"column":4},"end":{"line":13,"column":64}}},"branchMap":{"1":{"line":3,"type":"if","locations":[{"start":{"line":3,"column":4},"end":{"line":3,"column":4}},{"start":{"line":3,"column":4},"end":{"line":3,"column":4}}]},"2":{"line":3,"type":"binary-expr","locations":[{"start":{"line":3,"column":8},"end":{"line":3,"column":38}},{"start":{"line":3,"column":42},"end":{"line":3,"column":58}}]},"3":{"line":7,"type":"cond-expr","locations":[{"start":{"line":7,"column":56},"end":{"line":7,"column":61}},{"start":{"line":7,"column":64},"end":{"line":7,"column":95}}]},"4":{"line":11,"type":"cond-expr","locations":[{"start":{"line":11,"column":96},"end":{"line":11,"column":100}},{"start":{"line":11,"column":103},"end":{"line":11,"column":108}}]},"5":{"line":11,"type":"binary-expr","locations":[{"start":{"line":11,"column":28},"end":{"line":11,"column":47}},{"start":{"line":11,"column":51},"end":{"line":11,"column":73}},{"start":{"line":11,"column":77},"end":{"line":11,"column":92}}]},"6":{"line":13,"type":"cond-expr","locations":[{"start":{"line":13,"column":51},"end":{"line":13,"column":55}},{"start":{"line":13,"column":58},"end":{"line":13,"column":63}}]},"7":{"line":13,"type":"binary-expr","locations":[{"start":{"line":13,"column":12},"end":{"line":13,"column":27}},{"start":{"line":13,"column":31},"end":{"line":13,"column":47}}]}}},"src\\lib\\get-content-string.js":{"path":"src\\lib\\get-content-string.js","s":{"1":1,"2":13,"3":13,"4":3,"5":10,"6":10,"7":30,"8":30,"9":2,"10":13,"11":13,"12":13,"13":13},"b":{"1":[3,10],"2":[13,12,11],"3":[2,28],"4":[30,28]},"f":{"1":13},"fnMap":{"1":{"name":"(anonymous_1)","line":1,"loc":{"start":{"line":1,"column":25},"end":{"line":1,"column":43}}}},"statementMap":{"1":{"start":{"line":1,"column":2},"end":{"line":31,"column":4}},"2":{"start":{"line":3,"column":4},"end":{"line":3,"column":45}},"3":{"start":{"line":5,"column":4},"end":{"line":24,"column":5}},"4":{"start":{"line":6,"column":6},"end":{"line":10,"column":8}},"5":{"start":{"line":14,"column":6},"end":{"line":14,"column":52}},"6":{"start":{"line":16,"column":6},"end":{"line":23,"column":7}},"7":{"start":{"line":18,"column":8},"end":{"line":18,"column":35}},"8":{"start":{"line":20,"column":8},"end":{"line":22,"column":9}},"9":{"start":{"line":21,"column":10},"end":{"line":21,"column":43}},"10":{"start":{"line":26,"column":4},"end":{"line":26,"column":83}},"11":{"start":{"line":27,"column":4},"end":{"line":27,"column":80}},"12":{"start":{"line":28,"column":4},"end":{"line":28,"column":83}},"13":{"start":{"line":30,"column":4},"end":{"line":30,"column":32}}},"branchMap":{"1":{"line":5,"type":"if","locations":[{"start":{"line":5,"column":4},"end":{"line":5,"column":4}},{"start":{"line":5,"column":4},"end":{"line":5,"column":4}}]},"2":{"line":5,"type":"binary-expr","locations":[{"start":{"line":5,"column":8},"end":{"line":5,"column":38}},{"start":{"line":5,"column":42},"end":{"line":5,"column":69}},{"start":{"line":5,"column":73},"end":{"line":5,"column":89}}]},"3":{"line":20,"type":"if","locations":[{"start":{"line":20,"column":8},"end":{"line":20,"column":8}},{"start":{"line":20,"column":8},"end":{"line":20,"column":8}}]},"4":{"line":20,"type":"binary-expr","locations":[{"start":{"line":20,"column":12},"end":{"line":20,"column":48}},{"start":{"line":20,"column":52},"end":{"line":20,"column":74}}]}}},"src\\lib\\insert-styles.js":{"path":"src\\lib\\insert-styles.js","s":{"1":1,"2":5,"3":5,"4":2,"5":3,"6":5,"7":5,"8":5,"9":5},"b":{"1":[2,3]},"f":{"1":5},"fnMap":{"1":{"name":"(anonymous_1)","line":1,"loc":{"start":{"line":1,"column":21},"end":{"line":1,"column":43}}}},"statementMap":{"1":{"start":{"line":1,"column":2},"end":{"line":20,"column":4}},"2":{"start":{"line":3,"column":4},"end":{"line":3,"column":15}},"3":{"start":{"line":5,"column":4},"end":{"line":14,"column":5}},"4":{"start":{"line":6,"column":6},"end":{"line":10,"column":50}},"5":{"start":{"line":13,"column":6},"end":{"line":13,"column":57}},"6":{"start":{"line":16,"column":4},"end":{"line":16,"column":51}},"7":{"start":{"line":17,"column":4},"end":{"line":17,"column":53}},"8":{"start":{"line":18,"column":4},"end":{"line":18,"column":58}},"9":{"start":{"line":19,"column":4},"end":{"line":19,"column":57}}},"branchMap":{"1":{"line":5,"type":"if","locations":[{"start":{"line":5,"column":4},"end":{"line":5,"column":4}},{"start":{"line":5,"column":4},"end":{"line":5,"column":4}}]}}},"src\\lib\\is-supported.js":{"path":"src\\lib\\is-supported.js","s":{"1":1,"2":27,"3":27,"4":27,"5":27,"6":27,"7":97,"8":97,"9":97,"10":11,"11":5,"12":6,"13":6,"14":86,"15":27,"16":27,"17":4,"18":23,"19":3,"20":20,"21":20,"22":2,"23":18,"24":18,"25":16,"26":1,"27":1},"b":{"1":[27,0],"2":[27,0],"3":[11,86],"4":[5,6],"5":[27,24,4],"6":[4,23],"7":[3,20],"8":[20,19],"9":[2,18],"10":[16,1]},"f":{"1":27,"2":97},"fnMap":{"1":{"name":"(anonymous_1)","line":1,"loc":{"start":{"line":1,"column":20},"end":{"line":1,"column":39}}},"2":{"name":"(anonymous_2)","line":9,"loc":{"start":{"line":9,"column":29},"end":{"line":9,"column":69}}}},"statementMap":{"1":{"start":{"line":1,"column":2},"end":{"line":62,"column":4}},"2":{"start":{"line":3,"column":4},"end":{"line":3,"column":27}},"3":{"start":{"line":4,"column":4},"end":{"line":4,"column":26}},"4":{"start":{"line":6,"column":4},"end":{"line":6,"column":27}},"5":{"start":{"line":7,"column":4},"end":{"line":7,"column":26}},"6":{"start":{"line":9,"column":4},"end":{"line":26,"column":6}},"7":{"start":{"line":11,"column":6},"end":{"line":11,"column":42}},"8":{"start":{"line":12,"column":6},"end":{"line":12,"column":18}},"9":{"start":{"line":14,"column":6},"end":{"line":22,"column":7}},"10":{"start":{"line":15,"column":8},"end":{"line":21,"column":9}},"11":{"start":{"line":16,"column":10},"end":{"line":16,"column":22}},"12":{"start":{"line":19,"column":10},"end":{"line":19,"column":63}},"13":{"start":{"line":20,"column":10},"end":{"line":20,"column":38}},"14":{"start":{"line":24,"column":6},"end":{"line":24,"column":19}},"15":{"start":{"line":30,"column":4},"end":{"line":32,"column":61}},"16":{"start":{"line":33,"column":4},"end":{"line":35,"column":5}},"17":{"start":{"line":34,"column":6},"end":{"line":34,"column":19}},"18":{"start":{"line":39,"column":4},"end":{"line":41,"column":5}},"19":{"start":{"line":40,"column":6},"end":{"line":40,"column":19}},"20":{"start":{"line":45,"column":4},"end":{"line":45,"column":85}},"21":{"start":{"line":46,"column":4},"end":{"line":48,"column":5}},"22":{"start":{"line":47,"column":6},"end":{"line":47,"column":18}},"23":{"start":{"line":51,"column":4},"end":{"line":58,"column":5}},"24":{"start":{"line":52,"column":6},"end":{"line":54,"column":7}},"25":{"start":{"line":53,"column":8},"end":{"line":53,"column":20}},"26":{"start":{"line":57,"column":6},"end":{"line":57,"column":19}},"27":{"start":{"line":61,"column":4},"end":{"line":61,"column":17}}},"branchMap":{"1":{"line":3,"type":"binary-expr","locations":[{"start":{"line":3,"column":10},"end":{"line":3,"column":13}},{"start":{"line":3,"column":17},"end":{"line":3,"column":26}}]},"2":{"line":4,"type":"binary-expr","locations":[{"start":{"line":4,"column":10},"end":{"line":4,"column":13}},{"start":{"line":4,"column":17},"end":{"line":4,"column":25}}]},"3":{"line":14,"type":"if","locations":[{"start":{"line":14,"column":6},"end":{"line":14,"column":6}},{"start":{"line":14,"column":6},"end":{"line":14,"column":6}}]},"4":{"line":15,"type":"if","locations":[{"start":{"line":15,"column":8},"end":{"line":15,"column":8}},{"start":{"line":15,"column":8},"end":{"line":15,"column":8}}]},"5":{"line":30,"type":"binary-expr","locations":[{"start":{"line":30,"column":20},"end":{"line":30,"column":60}},{"start":{"line":31,"column":20},"end":{"line":31,"column":65}},{"start":{"line":32,"column":19},"end":{"line":32,"column":60}}]},"6":{"line":33,"type":"if","locations":[{"start":{"line":33,"column":4},"end":{"line":33,"column":4}},{"start":{"line":33,"column":4},"end":{"line":33,"column":4}}]},"7":{"line":39,"type":"if","locations":[{"start":{"line":39,"column":4},"end":{"line":39,"column":4}},{"start":{"line":39,"column":4},"end":{"line":39,"column":4}}]},"8":{"line":45,"type":"binary-expr","locations":[{"start":{"line":45,"column":15},"end":{"line":45,"column":39}},{"start":{"line":45,"column":43},"end":{"line":45,"column":84}}]},"9":{"line":46,"type":"if","locations":[{"start":{"line":46,"column":4},"end":{"line":46,"column":4}},{"start":{"line":46,"column":4},"end":{"line":46,"column":4}}]},"10":{"line":52,"type":"if","locations":[{"start":{"line":52,"column":6},"end":{"line":52,"column":6}},{"start":{"line":52,"column":6},"end":{"line":52,"column":6}}]}}},"src\\lib\\sanitized-element.js":{"path":"src\\lib\\sanitized-element.js","s":{"1":1,"2":17,"3":2,"4":15,"5":1,"6":15,"7":1,"8":15,"9":14,"10":1},"b":{"1":[2,15],"2":[17,16],"3":[1,14],"4":[1,14],"5":[14,1]},"f":{"1":17},"fnMap":{"1":{"name":"(anonymous_1)","line":1,"loc":{"start":{"line":1,"column":25},"end":{"line":1,"column":43}}}},"statementMap":{"1":{"start":{"line":1,"column":2},"end":{"line":24,"column":4}},"2":{"start":{"line":3,"column":4},"end":{"line":5,"column":5}},"3":{"start":{"line":4,"column":6},"end":{"line":4,"column":18}},"4":{"start":{"line":8,"column":4},"end":{"line":10,"column":5}},"5":{"start":{"line":9,"column":6},"end":{"line":9,"column":48}},"6":{"start":{"line":14,"column":4},"end":{"line":16,"column":5}},"7":{"start":{"line":15,"column":6},"end":{"line":15,"column":27}},"8":{"start":{"line":19,"column":4},"end":{"line":21,"column":5}},"9":{"start":{"line":20,"column":6},"end":{"line":20,"column":21}},"10":{"start":{"line":23,"column":4},"end":{"line":23,"column":16}}},"branchMap":{"1":{"line":3,"type":"if","locations":[{"start":{"line":3,"column":4},"end":{"line":3,"column":4}},{"start":{"line":3,"column":4},"end":{"line":3,"column":4}}]},"2":{"line":3,"type":"binary-expr","locations":[{"start":{"line":3,"column":8},"end":{"line":3,"column":38}},{"start":{"line":3,"column":42},"end":{"line":3,"column":58}}]},"3":{"line":8,"type":"if","locations":[{"start":{"line":8,"column":4},"end":{"line":8,"column":4}},{"start":{"line":8,"column":4},"end":{"line":8,"column":4}}]},"4":{"line":14,"type":"if","locations":[{"start":{"line":14,"column":4},"end":{"line":14,"column":4}},{"start":{"line":14,"column":4},"end":{"line":14,"column":4}}]},"5":{"line":19,"type":"if","locations":[{"start":{"line":19,"column":4},"end":{"line":19,"column":4}},{"start":{"line":19,"column":4},"end":{"line":19,"column":4}}]}}},"src\\main.js":{"path":"src\\main.js","s":{"1":1,"2":12,"3":12,"4":12,"5":1,"6":1,"7":1,"8":11,"9":11,"10":3,"11":3,"12":3,"13":8,"14":8,"15":8,"16":8,"17":6,"18":8,"19":8,"20":7,"21":8,"22":8,"23":7,"24":8,"25":8,"26":8,"27":8,"28":8,"29":8,"30":6,"31":6,"32":6,"33":1,"34":1,"35":1,"36":1,"37":1,"38":5,"39":6,"40":6,"41":6,"42":6,"43":6,"44":6,"45":1,"46":5,"47":6,"48":8,"49":1,"50":1,"51":1,"52":8},"b":{"1":[12,1],"2":[12,12],"3":[1,11],"4":[3,8],"5":[6,2],"6":[8,8,2,2],"7":[7,1],"8":[8,7],"9":[7,1],"10":[8,7],"11":[1,5],"12":[0,6],"13":[6,0],"14":[1,5]},"f":{"1":12,"2":6,"3":1},"fnMap":{"1":{"name":"(anonymous_1)","line":1,"loc":{"start":{"line":1,"column":16},"end":{"line":1,"column":60}}},"2":{"name":"(anonymous_2)","line":56,"loc":{"start":{"line":56,"column":37},"end":{"line":56,"column":48}}},"3":{"name":"(anonymous_3)","line":92,"loc":{"start":{"line":92,"column":44},"end":{"line":92,"column":55}}}},"statementMap":{"1":{"start":{"line":1,"column":2},"end":{"line":100,"column":4}},"2":{"start":{"line":3,"column":4},"end":{"line":3,"column":34}},"3":{"start":{"line":4,"column":4},"end":{"line":4,"column":26}},"4":{"start":{"line":7,"column":4},"end":{"line":11,"column":5}},"5":{"start":{"line":8,"column":6},"end":{"line":8,"column":58}},"6":{"start":{"line":9,"column":6},"end":{"line":9,"column":68}},"7":{"start":{"line":10,"column":6},"end":{"line":10,"column":28}},"8":{"start":{"line":14,"column":4},"end":{"line":14,"column":52}},"9":{"start":{"line":17,"column":4},"end":{"line":21,"column":5}},"10":{"start":{"line":18,"column":6},"end":{"line":18,"column":54}},"11":{"start":{"line":19,"column":6},"end":{"line":19,"column":66}},"12":{"start":{"line":20,"column":6},"end":{"line":20,"column":24}},"13":{"start":{"line":23,"column":4},"end":{"line":23,"column":34}},"14":{"start":{"line":25,"column":4},"end":{"line":25,"column":50}},"15":{"start":{"line":27,"column":4},"end":{"line":27,"column":44}},"16":{"start":{"line":30,"column":4},"end":{"line":32,"column":5}},"17":{"start":{"line":31,"column":6},"end":{"line":31,"column":35}},"18":{"start":{"line":35,"column":4},"end":{"line":35,"column":47}},"19":{"start":{"line":36,"column":4},"end":{"line":38,"column":5}},"20":{"start":{"line":37,"column":6},"end":{"line":37,"column":86}},"21":{"start":{"line":41,"column":4},"end":{"line":41,"column":47}},"22":{"start":{"line":42,"column":4},"end":{"line":44,"column":5}},"23":{"start":{"line":43,"column":6},"end":{"line":43,"column":86}},"24":{"start":{"line":47,"column":4},"end":{"line":47,"column":53}},"25":{"start":{"line":50,"column":4},"end":{"line":50,"column":50}},"26":{"start":{"line":51,"column":4},"end":{"line":51,"column":42}},"27":{"start":{"line":52,"column":4},"end":{"line":52,"column":60}},"28":{"start":{"line":53,"column":4},"end":{"line":53,"column":34}},"29":{"start":{"line":56,"column":4},"end":{"line":89,"column":7}},"30":{"start":{"line":57,"column":6},"end":{"line":57,"column":20}},"31":{"start":{"line":58,"column":6},"end":{"line":58,"column":28}},"32":{"start":{"line":60,"column":6},"end":{"line":69,"column":7}},"33":{"start":{"line":61,"column":8},"end":{"line":61,"column":43}},"34":{"start":{"line":62,"column":8},"end":{"line":62,"column":48}},"35":{"start":{"line":63,"column":8},"end":{"line":63,"column":42}},"36":{"start":{"line":64,"column":8},"end":{"line":64,"column":36}},"37":{"start":{"line":65,"column":8},"end":{"line":65,"column":34}},"38":{"start":{"line":68,"column":8},"end":{"line":68,"column":49}},"39":{"start":{"line":72,"column":6},"end":{"line":72,"column":49}},"40":{"start":{"line":75,"column":6},"end":{"line":75,"column":76}},"41":{"start":{"line":76,"column":6},"end":{"line":76,"column":65}},"42":{"start":{"line":77,"column":6},"end":{"line":77,"column":55}},"43":{"start":{"line":80,"column":6},"end":{"line":88,"column":7}},"44":{"start":{"line":81,"column":8},"end":{"line":86,"column":9}},"45":{"start":{"line":82,"column":10},"end":{"line":82,"column":38}},"46":{"start":{"line":85,"column":10},"end":{"line":85,"column":48}},"47":{"start":{"line":87,"column":8},"end":{"line":87,"column":23}},"48":{"start":{"line":92,"column":4},"end":{"line":96,"column":7}},"49":{"start":{"line":93,"column":6},"end":{"line":93,"column":64}},"50":{"start":{"line":94,"column":6},"end":{"line":94,"column":65}},"51":{"start":{"line":95,"column":6},"end":{"line":95,"column":62}},"52":{"start":{"line":99,"column":4},"end":{"line":99,"column":18}}},"branchMap":{"1":{"line":3,"type":"binary-expr","locations":[{"start":{"line":3,"column":10},"end":{"line":3,"column":13}},{"start":{"line":3,"column":17},"end":{"line":3,"column":33}}]},"2":{"line":4,"type":"binary-expr","locations":[{"start":{"line":4,"column":10},"end":{"line":4,"column":13}},{"start":{"line":4,"column":17},"end":{"line":4,"column":25}}]},"3":{"line":7,"type":"if","locations":[{"start":{"line":7,"column":4},"end":{"line":7,"column":4}},{"start":{"line":7,"column":4},"end":{"line":7,"column":4}}]},"4":{"line":17,"type":"if","locations":[{"start":{"line":17,"column":4},"end":{"line":17,"column":4}},{"start":{"line":17,"column":4},"end":{"line":17,"column":4}}]},"5":{"line":30,"type":"if","locations":[{"start":{"line":30,"column":4},"end":{"line":30,"column":4}},{"start":{"line":30,"column":4},"end":{"line":30,"column":4}}]},"6":{"line":30,"type":"binary-expr","locations":[{"start":{"line":30,"column":8},"end":{"line":30,"column":39}},{"start":{"line":30,"column":43},"end":{"line":30,"column":60}},{"start":{"line":30,"column":64},"end":{"line":30,"column":79}},{"start":{"line":30,"column":83},"end":{"line":30,"column":121}}]},"7":{"line":36,"type":"if","locations":[{"start":{"line":36,"column":4},"end":{"line":36,"column":4}},{"start":{"line":36,"column":4},"end":{"line":36,"column":4}}]},"8":{"line":36,"type":"binary-expr","locations":[{"start":{"line":36,"column":8},"end":{"line":36,"column":53}},{"start":{"line":36,"column":57},"end":{"line":36,"column":88}}]},"9":{"line":42,"type":"if","locations":[{"start":{"line":42,"column":4},"end":{"line":42,"column":4}},{"start":{"line":42,"column":4},"end":{"line":42,"column":4}}]},"10":{"line":42,"type":"binary-expr","locations":[{"start":{"line":42,"column":8},"end":{"line":42,"column":53}},{"start":{"line":42,"column":57},"end":{"line":42,"column":88}}]},"11":{"line":60,"type":"if","locations":[{"start":{"line":60,"column":6},"end":{"line":60,"column":6}},{"start":{"line":60,"column":6},"end":{"line":60,"column":6}}]},"12":{"line":75,"type":"cond-expr","locations":[{"start":{"line":75,"column":35},"end":{"line":75,"column":53}},{"start":{"line":75,"column":56},"end":{"line":75,"column":75}}]},"13":{"line":80,"type":"if","locations":[{"start":{"line":80,"column":6},"end":{"line":80,"column":6}},{"start":{"line":80,"column":6},"end":{"line":80,"column":6}}]},"14":{"line":81,"type":"if","locations":[{"start":{"line":81,"column":8},"end":{"line":81,"column":8}},{"start":{"line":81,"column":8},"end":{"line":81,"column":8}}]}}},"src\\footer.js":{"path":"src\\footer.js","s":{"1":1,"2":1,"3":1},"b":{},"f":{},"fnMap":{},"statementMap":{"1":{"start":{"line":3,"column":2},"end":{"line":3,"column":57}},"2":{"start":{"line":7,"column":2},"end":{"line":7,"column":36}},"3":{"start":{"line":10,"column":2},"end":{"line":10,"column":27}}},"branchMap":{}}}