{"src\\lib\\classes.js":{"path":"src\\lib\\classes.js","s":{"1":1,"2":1,"3":7,"4":7,"5":1,"6":7,"7":7,"8":1,"9":1,"10":14,"11":14,"12":23,"13":23,"14":11,"15":12,"16":12,"17":14,"18":14},"b":{"1":[11,12],"2":[12,0]},"f":{"1":1,"2":7,"3":7,"4":14},"fnMap":{"1":{"name":"(anonymous_1)","line":1,"loc":{"start":{"line":1,"column":22},"end":{"line":1,"column":33}}},"2":{"name":"(anonymous_2)","line":3,"loc":{"start":{"line":3,"column":15},"end":{"line":3,"column":42}}},"3":{"name":"(anonymous_3)","line":10,"loc":{"start":{"line":10,"column":18},"end":{"line":10,"column":45}}},"4":{"name":"(anonymous_4)","line":22,"loc":{"start":{"line":22,"column":26},"end":{"line":22,"column":71}}}},"statementMap":{"1":{"start":{"line":1,"column":2},"end":{"line":44,"column":4}},"2":{"start":{"line":3,"column":4},"end":{"line":8,"column":6}},"3":{"start":{"line":5,"column":6},"end":{"line":5,"column":73}},"4":{"start":{"line":6,"column":6},"end":{"line":6,"column":21}},"5":{"start":{"line":10,"column":4},"end":{"line":15,"column":6}},"6":{"start":{"line":12,"column":6},"end":{"line":12,"column":76}},"7":{"start":{"line":13,"column":6},"end":{"line":13,"column":21}},"8":{"start":{"line":17,"column":4},"end":{"line":20,"column":6}},"9":{"start":{"line":22,"column":4},"end":{"line":42,"column":6}},"10":{"start":{"line":24,"column":6},"end":{"line":24,"column":42}},"11":{"start":{"line":26,"column":6},"end":{"line":37,"column":7}},"12":{"start":{"line":28,"column":8},"end":{"line":28,"column":32}},"13":{"start":{"line":30,"column":8},"end":{"line":35,"column":9}},"14":{"start":{"line":31,"column":10},"end":{"line":31,"column":41}},"15":{"start":{"line":33,"column":13},"end":{"line":35,"column":9}},"16":{"start":{"line":34,"column":10},"end":{"line":34,"column":68}},"17":{"start":{"line":39,"column":6},"end":{"line":39,"column":74}},"18":{"start":{"line":40,"column":6},"end":{"line":40,"column":21}}},"branchMap":{"1":{"line":30,"type":"if","locations":[{"start":{"line":30,"column":8},"end":{"line":30,"column":8}},{"start":{"line":30,"column":8},"end":{"line":30,"column":8}}]},"2":{"line":33,"type":"if","locations":[{"start":{"line":33,"column":13},"end":{"line":33,"column":13}},{"start":{"line":33,"column":13},"end":{"line":33,"column":13}}]}}},"src\\lib\\customization.js":{"path":"src\\lib\\customization.js","s":{"1":1,"2":1,"3":2,"4":2,"5":2,"6":1,"7":2,"8":2,"9":2,"10":1,"11":1,"12":4,"13":0,"14":4,"15":4,"16":12,"17":12,"18":6,"19":3,"20":3,"21":3,"22":4},"b":{"1":[0,4],"2":[4,4],"3":[6,6],"4":[12,12,6],"5":[3,3],"6":[3,0]},"f":{"1":1,"2":2,"3":2,"4":4},"fnMap":{"1":{"name":"(anonymous_1)","line":1,"loc":{"start":{"line":1,"column":25},"end":{"line":1,"column":36}}},"2":{"name":"(anonymous_2)","line":3,"loc":{"start":{"line":3,"column":19},"end":{"line":3,"column":52}}},"3":{"name":"(anonymous_3)","line":11,"loc":{"start":{"line":11,"column":19},"end":{"line":11,"column":52}}},"4":{"name":"(anonymous_4)","line":24,"loc":{"start":{"line":24,"column":27},"end":{"line":24,"column":78}}}},"statementMap":{"1":{"start":{"line":1,"column":2},"end":{"line":52,"column":4}},"2":{"start":{"line":3,"column":4},"end":{"line":9,"column":6}},"3":{"start":{"line":5,"column":6},"end":{"line":5,"column":53}},"4":{"start":{"line":6,"column":6},"end":{"line":6,"column":99}},"5":{"start":{"line":8,"column":6},"end":{"line":8,"column":21}},"6":{"start":{"line":11,"column":4},"end":{"line":17,"column":6}},"7":{"start":{"line":13,"column":6},"end":{"line":13,"column":53}},"8":{"start":{"line":14,"column":6},"end":{"line":14,"column":95}},"9":{"start":{"line":16,"column":6},"end":{"line":16,"column":21}},"10":{"start":{"line":19,"column":4},"end":{"line":22,"column":6}},"11":{"start":{"line":24,"column":4},"end":{"line":50,"column":6}},"12":{"start":{"line":26,"column":6},"end":{"line":28,"column":7}},"13":{"start":{"line":27,"column":8},"end":{"line":27,"column":20}},"14":{"start":{"line":30,"column":6},"end":{"line":30,"column":26}},"15":{"start":{"line":32,"column":6},"end":{"line":47,"column":7}},"16":{"start":{"line":34,"column":8},"end":{"line":34,"column":36}},"17":{"start":{"line":36,"column":8},"end":{"line":46,"column":9}},"18":{"start":{"line":38,"column":10},"end":{"line":44,"column":11}},"19":{"start":{"line":39,"column":12},"end":{"line":39,"column":53}},"20":{"start":{"line":42,"column":15},"end":{"line":44,"column":11}},"21":{"start":{"line":43,"column":12},"end":{"line":43,"column":46}},"22":{"start":{"line":49,"column":6},"end":{"line":49,"column":22}}},"branchMap":{"1":{"line":26,"type":"if","locations":[{"start":{"line":26,"column":6},"end":{"line":26,"column":6}},{"start":{"line":26,"column":6},"end":{"line":26,"column":6}}]},"2":{"line":26,"type":"binary-expr","locations":[{"start":{"line":26,"column":10},"end":{"line":26,"column":43}},{"start":{"line":26,"column":47},"end":{"line":26,"column":71}}]},"3":{"line":36,"type":"if","locations":[{"start":{"line":36,"column":8},"end":{"line":36,"column":8}},{"start":{"line":36,"column":8},"end":{"line":36,"column":8}}]},"4":{"line":36,"type":"binary-expr","locations":[{"start":{"line":36,"column":12},"end":{"line":36,"column":37}},{"start":{"line":36,"column":41},"end":{"line":36,"column":77}},{"start":{"line":36,"column":81},"end":{"line":36,"column":108}}]},"5":{"line":38,"type":"if","locations":[{"start":{"line":38,"column":10},"end":{"line":38,"column":10}},{"start":{"line":38,"column":10},"end":{"line":38,"column":10}}]},"6":{"line":42,"type":"if","locations":[{"start":{"line":42,"column":15},"end":{"line":42,"column":15}},{"start":{"line":42,"column":15},"end":{"line":42,"column":15}}]}}},"src\\lib\\cuts-the-mustard.js":{"path":"src\\lib\\cuts-the-mustard.js","s":{"1":1,"2":2,"3":2,"4":1,"5":0,"6":0,"7":0,"8":0,"9":1,"10":1,"11":2},"b":{"1":[1,1]},"f":{"1":2,"2":0},"fnMap":{"1":{"name":"(anonymous_1)","line":1,"loc":{"start":{"line":1,"column":23},"end":{"line":1,"column":34}}},"2":{"name":"(anonymous_2)","line":7,"loc":{"start":{"line":7,"column":23},"end":{"line":7,"column":34}}}},"statementMap":{"1":{"start":{"line":1,"column":2},"end":{"line":19,"column":4}},"2":{"start":{"line":3,"column":4},"end":{"line":3,"column":20}},"3":{"start":{"line":6,"column":4},"end":{"line":15,"column":5}},"4":{"start":{"line":7,"column":6},"end":{"line":12,"column":8}},"5":{"start":{"line":8,"column":8},"end":{"line":8,"column":57}},"6":{"start":{"line":9,"column":8},"end":{"line":9,"column":67}},"7":{"start":{"line":10,"column":8},"end":{"line":10,"column":59}},"8":{"start":{"line":11,"column":8},"end":{"line":11,"column":27}},"9":{"start":{"line":13,"column":6},"end":{"line":13,"column":41}},"10":{"start":{"line":14,"column":6},"end":{"line":14,"column":19}},"11":{"start":{"line":17,"column":4},"end":{"line":17,"column":16}}},"branchMap":{"1":{"line":6,"type":"if","locations":[{"start":{"line":6,"column":4},"end":{"line":6,"column":4}},{"start":{"line":6,"column":4},"end":{"line":6,"column":4}}]}}},"src\\lib\\defaults.js":{"path":"src\\lib\\defaults.js","s":{"1":1,"2":2,"3":2,"4":2},"b":{},"f":{"1":2},"fnMap":{"1":{"name":"(anonymous_1)","line":1,"loc":{"start":{"line":1,"column":17},"end":{"line":1,"column":28}}}},"statementMap":{"1":{"start":{"line":1,"column":2},"end":{"line":21,"column":4}},"2":{"start":{"line":3,"column":4},"end":{"line":7,"column":6}},"3":{"start":{"line":9,"column":4},"end":{"line":13,"column":6}},"4":{"start":{"line":15,"column":4},"end":{"line":19,"column":6}}},"branchMap":{}},"src\\lib\\element-is-valid.js":{"path":"src\\lib\\element-is-valid.js","s":{"1":1,"2":14,"3":2,"4":12,"5":12,"6":12,"7":12,"8":12},"b":{"1":[2,12],"2":[14,13],"3":[1,11],"4":[7,5],"5":[12,10,9],"6":[6,6],"7":[12,10]},"f":{"1":14},"fnMap":{"1":{"name":"(anonymous_1)","line":1,"loc":{"start":{"line":1,"column":23},"end":{"line":1,"column":41}}}},"statementMap":{"1":{"start":{"line":1,"column":2},"end":{"line":14,"column":4}},"2":{"start":{"line":3,"column":4},"end":{"line":5,"column":5}},"3":{"start":{"line":4,"column":6},"end":{"line":4,"column":19}},"4":{"start":{"line":7,"column":4},"end":{"line":7,"column":96}},"5":{"start":{"line":9,"column":4},"end":{"line":9,"column":48}},"6":{"start":{"line":10,"column":4},"end":{"line":10,"column":66}},"7":{"start":{"line":11,"column":4},"end":{"line":11,"column":109}},"8":{"start":{"line":13,"column":4},"end":{"line":13,"column":64}}},"branchMap":{"1":{"line":3,"type":"if","locations":[{"start":{"line":3,"column":4},"end":{"line":3,"column":4}},{"start":{"line":3,"column":4},"end":{"line":3,"column":4}}]},"2":{"line":3,"type":"binary-expr","locations":[{"start":{"line":3,"column":8},"end":{"line":3,"column":38}},{"start":{"line":3,"column":42},"end":{"line":3,"column":58}}]},"3":{"line":7,"type":"cond-expr","locations":[{"start":{"line":7,"column":56},"end":{"line":7,"column":61}},{"start":{"line":7,"column":64},"end":{"line":7,"column":95}}]},"4":{"line":11,"type":"cond-expr","locations":[{"start":{"line":11,"column":96},"end":{"line":11,"column":100}},{"start":{"line":11,"column":103},"end":{"line":11,"column":108}}]},"5":{"line":11,"type":"binary-expr","locations":[{"start":{"line":11,"column":28},"end":{"line":11,"column":47}},{"start":{"line":11,"column":51},"end":{"line":11,"column":73}},{"start":{"line":11,"column":77},"end":{"line":11,"column":92}}]},"6":{"line":13,"type":"cond-expr","locations":[{"start":{"line":13,"column":51},"end":{"line":13,"column":55}},{"start":{"line":13,"column":58},"end":{"line":13,"column":63}}]},"7":{"line":13,"type":"binary-expr","locations":[{"start":{"line":13,"column":12},"end":{"line":13,"column":27}},{"start":{"line":13,"column":31},"end":{"line":13,"column":47}}]}}},"src\\lib\\get-content-string.js":{"path":"src\\lib\\get-content-string.js","s":{"1":1,"2":0,"3":0,"4":0,"5":0},"b":{},"f":{"1":0},"fnMap":{"1":{"name":"(anonymous_1)","line":1,"loc":{"start":{"line":1,"column":25},"end":{"line":1,"column":43}}}},"statementMap":{"1":{"start":{"line":1,"column":2},"end":{"line":8,"column":4}},"2":{"start":{"line":3,"column":4},"end":{"line":3,"column":83}},"3":{"start":{"line":4,"column":4},"end":{"line":4,"column":80}},"4":{"start":{"line":5,"column":4},"end":{"line":5,"column":83}},"5":{"start":{"line":7,"column":4},"end":{"line":7,"column":32}}},"branchMap":{}},"src\\lib\\insert-styles.js":{"path":"src\\lib\\insert-styles.js","s":{"1":1,"2":0,"3":0,"4":0,"5":0,"6":0,"7":0,"8":0,"9":0},"b":{"1":[0,0]},"f":{"1":0},"fnMap":{"1":{"name":"(anonymous_1)","line":1,"loc":{"start":{"line":1,"column":21},"end":{"line":1,"column":43}}}},"statementMap":{"1":{"start":{"line":1,"column":2},"end":{"line":20,"column":4}},"2":{"start":{"line":3,"column":4},"end":{"line":3,"column":15}},"3":{"start":{"line":5,"column":4},"end":{"line":14,"column":5}},"4":{"start":{"line":6,"column":6},"end":{"line":10,"column":50}},"5":{"start":{"line":13,"column":6},"end":{"line":13,"column":57}},"6":{"start":{"line":16,"column":4},"end":{"line":16,"column":51}},"7":{"start":{"line":17,"column":4},"end":{"line":17,"column":53}},"8":{"start":{"line":18,"column":4},"end":{"line":18,"column":58}},"9":{"start":{"line":19,"column":4},"end":{"line":19,"column":57}}},"branchMap":{"1":{"line":5,"type":"if","locations":[{"start":{"line":5,"column":4},"end":{"line":5,"column":4}},{"start":{"line":5,"column":4},"end":{"line":5,"column":4}}]}}},"src\\lib\\is-supported.js":{"path":"src\\lib\\is-supported.js","s":{"1":1,"2":0,"3":0,"4":0,"5":0,"6":0,"7":0,"8":0,"9":0,"10":0},"b":{"1":[0,0,0],"2":[0,0],"3":[0,0],"4":[0,0],"5":[0,0]},"f":{"1":0},"fnMap":{"1":{"name":"(anonymous_1)","line":1,"loc":{"start":{"line":1,"column":20},"end":{"line":1,"column":31}}}},"statementMap":{"1":{"start":{"line":1,"column":2},"end":{"line":25,"column":4}},"2":{"start":{"line":5,"column":4},"end":{"line":6,"column":50}},"3":{"start":{"line":7,"column":4},"end":{"line":9,"column":5}},"4":{"start":{"line":8,"column":6},"end":{"line":8,"column":19}},"5":{"start":{"line":13,"column":4},"end":{"line":13,"column":105}},"6":{"start":{"line":14,"column":4},"end":{"line":16,"column":5}},"7":{"start":{"line":15,"column":6},"end":{"line":15,"column":18}},"8":{"start":{"line":19,"column":4},"end":{"line":21,"column":5}},"9":{"start":{"line":20,"column":6},"end":{"line":20,"column":18}},"10":{"start":{"line":24,"column":4},"end":{"line":24,"column":17}}},"branchMap":{"1":{"line":5,"type":"binary-expr","locations":[{"start":{"line":5,"column":20},"end":{"line":5,"column":62}},{"start":{"line":5,"column":66},"end":{"line":5,"column":113}},{"start":{"line":6,"column":8},"end":{"line":6,"column":49}}]},"2":{"line":7,"type":"if","locations":[{"start":{"line":7,"column":4},"end":{"line":7,"column":4}},{"start":{"line":7,"column":4},"end":{"line":7,"column":4}}]},"3":{"line":13,"type":"binary-expr","locations":[{"start":{"line":13,"column":15},"end":{"line":13,"column":56}},{"start":{"line":13,"column":60},"end":{"line":13,"column":104}}]},"4":{"line":14,"type":"if","locations":[{"start":{"line":14,"column":4},"end":{"line":14,"column":4}},{"start":{"line":14,"column":4},"end":{"line":14,"column":4}}]},"5":{"line":19,"type":"if","locations":[{"start":{"line":19,"column":4},"end":{"line":19,"column":4}},{"start":{"line":19,"column":4},"end":{"line":19,"column":4}}]}}},"src\\lib\\sanitized-element.js":{"path":"src\\lib\\sanitized-element.js","s":{"1":1,"2":0,"3":0,"4":0,"5":0,"6":0},"b":{"1":[0,0],"2":[0,0],"3":[0,0]},"f":{"1":0},"fnMap":{"1":{"name":"(anonymous_1)","line":1,"loc":{"start":{"line":1,"column":25},"end":{"line":1,"column":43}}}},"statementMap":{"1":{"start":{"line":1,"column":2},"end":{"line":14,"column":4}},"2":{"start":{"line":4,"column":4},"end":{"line":6,"column":5}},"3":{"start":{"line":5,"column":6},"end":{"line":5,"column":48}},"4":{"start":{"line":9,"column":4},"end":{"line":11,"column":5}},"5":{"start":{"line":10,"column":6},"end":{"line":10,"column":27}},"6":{"start":{"line":13,"column":4},"end":{"line":13,"column":19}}},"branchMap":{"1":{"line":4,"type":"if","locations":[{"start":{"line":4,"column":4},"end":{"line":4,"column":4}},{"start":{"line":4,"column":4},"end":{"line":4,"column":4}}]},"2":{"line":9,"type":"if","locations":[{"start":{"line":9,"column":4},"end":{"line":9,"column":4}},{"start":{"line":9,"column":4},"end":{"line":9,"column":4}}]},"3":{"line":9,"type":"binary-expr","locations":[{"start":{"line":9,"column":8},"end":{"line":9,"column":37}},{"start":{"line":9,"column":41},"end":{"line":9,"column":66}}]}}},"src\\main.js":{"path":"src\\main.js","s":{"1":1,"2":0,"3":0,"4":0,"5":0,"6":0,"7":0,"8":0,"9":0,"10":0,"11":0,"12":0,"13":0,"14":0,"15":0,"16":0,"17":0,"18":0,"19":0,"20":0,"21":0,"22":0,"23":0,"24":0,"25":0,"26":0,"27":0,"28":0,"29":0,"30":0,"31":0,"32":0,"33":0,"34":0,"35":0,"36":0,"37":0,"38":0,"39":0,"40":0,"41":0,"42":0,"43":0,"44":0,"45":0,"46":0,"47":0,"48":0,"49":0,"50":0},"b":{"1":[0,0],"2":[0,0],"3":[0,0],"4":[0,0,0,0],"5":[0,0],"6":[0,0],"7":[0,0],"8":[0,0],"9":[0,0],"10":[0,0],"11":[0,0],"12":[0,0]},"f":{"1":0,"2":0,"3":0},"fnMap":{"1":{"name":"(anonymous_1)","line":1,"loc":{"start":{"line":1,"column":16},"end":{"line":1,"column":50}}},"2":{"name":"(anonymous_2)","line":53,"loc":{"start":{"line":53,"column":37},"end":{"line":53,"column":48}}},"3":{"name":"(anonymous_3)","line":89,"loc":{"start":{"line":89,"column":44},"end":{"line":89,"column":55}}}},"statementMap":{"1":{"start":{"line":1,"column":2},"end":{"line":97,"column":4}},"2":{"start":{"line":4,"column":4},"end":{"line":8,"column":5}},"3":{"start":{"line":5,"column":6},"end":{"line":5,"column":58}},"4":{"start":{"line":6,"column":6},"end":{"line":6,"column":68}},"5":{"start":{"line":7,"column":6},"end":{"line":7,"column":28}},"6":{"start":{"line":11,"column":4},"end":{"line":11,"column":52}},"7":{"start":{"line":14,"column":4},"end":{"line":18,"column":5}},"8":{"start":{"line":15,"column":6},"end":{"line":15,"column":54}},"9":{"start":{"line":16,"column":6},"end":{"line":16,"column":66}},"10":{"start":{"line":17,"column":6},"end":{"line":17,"column":24}},"11":{"start":{"line":20,"column":4},"end":{"line":20,"column":34}},"12":{"start":{"line":22,"column":4},"end":{"line":22,"column":50}},"13":{"start":{"line":24,"column":4},"end":{"line":24,"column":44}},"14":{"start":{"line":27,"column":4},"end":{"line":29,"column":5}},"15":{"start":{"line":28,"column":6},"end":{"line":28,"column":35}},"16":{"start":{"line":32,"column":4},"end":{"line":32,"column":47}},"17":{"start":{"line":33,"column":4},"end":{"line":35,"column":5}},"18":{"start":{"line":34,"column":6},"end":{"line":34,"column":86}},"19":{"start":{"line":38,"column":4},"end":{"line":38,"column":47}},"20":{"start":{"line":39,"column":4},"end":{"line":41,"column":5}},"21":{"start":{"line":40,"column":6},"end":{"line":40,"column":86}},"22":{"start":{"line":44,"column":4},"end":{"line":44,"column":53}},"23":{"start":{"line":47,"column":4},"end":{"line":47,"column":50}},"24":{"start":{"line":48,"column":4},"end":{"line":48,"column":42}},"25":{"start":{"line":49,"column":4},"end":{"line":49,"column":60}},"26":{"start":{"line":50,"column":4},"end":{"line":50,"column":34}},"27":{"start":{"line":53,"column":4},"end":{"line":86,"column":7}},"28":{"start":{"line":54,"column":6},"end":{"line":54,"column":20}},"29":{"start":{"line":55,"column":6},"end":{"line":55,"column":28}},"30":{"start":{"line":57,"column":6},"end":{"line":66,"column":7}},"31":{"start":{"line":58,"column":8},"end":{"line":58,"column":43}},"32":{"start":{"line":59,"column":8},"end":{"line":59,"column":48}},"33":{"start":{"line":60,"column":8},"end":{"line":60,"column":42}},"34":{"start":{"line":61,"column":8},"end":{"line":61,"column":36}},"35":{"start":{"line":62,"column":8},"end":{"line":62,"column":34}},"36":{"start":{"line":65,"column":8},"end":{"line":65,"column":49}},"37":{"start":{"line":69,"column":6},"end":{"line":69,"column":49}},"38":{"start":{"line":72,"column":6},"end":{"line":72,"column":76}},"39":{"start":{"line":73,"column":6},"end":{"line":73,"column":65}},"40":{"start":{"line":74,"column":6},"end":{"line":74,"column":55}},"41":{"start":{"line":77,"column":6},"end":{"line":85,"column":7}},"42":{"start":{"line":78,"column":8},"end":{"line":83,"column":9}},"43":{"start":{"line":79,"column":10},"end":{"line":79,"column":38}},"44":{"start":{"line":82,"column":10},"end":{"line":82,"column":48}},"45":{"start":{"line":84,"column":8},"end":{"line":84,"column":23}},"46":{"start":{"line":89,"column":4},"end":{"line":93,"column":7}},"47":{"start":{"line":90,"column":6},"end":{"line":90,"column":64}},"48":{"start":{"line":91,"column":6},"end":{"line":91,"column":65}},"49":{"start":{"line":92,"column":6},"end":{"line":92,"column":62}},"50":{"start":{"line":96,"column":4},"end":{"line":96,"column":18}}},"branchMap":{"1":{"line":4,"type":"if","locations":[{"start":{"line":4,"column":4},"end":{"line":4,"column":4}},{"start":{"line":4,"column":4},"end":{"line":4,"column":4}}]},"2":{"line":14,"type":"if","locations":[{"start":{"line":14,"column":4},"end":{"line":14,"column":4}},{"start":{"line":14,"column":4},"end":{"line":14,"column":4}}]},"3":{"line":27,"type":"if","locations":[{"start":{"line":27,"column":4},"end":{"line":27,"column":4}},{"start":{"line":27,"column":4},"end":{"line":27,"column":4}}]},"4":{"line":27,"type":"binary-expr","locations":[{"start":{"line":27,"column":8},"end":{"line":27,"column":39}},{"start":{"line":27,"column":43},"end":{"line":27,"column":60}},{"start":{"line":27,"column":64},"end":{"line":27,"column":79}},{"start":{"line":27,"column":83},"end":{"line":27,"column":121}}]},"5":{"line":33,"type":"if","locations":[{"start":{"line":33,"column":4},"end":{"line":33,"column":4}},{"start":{"line":33,"column":4},"end":{"line":33,"column":4}}]},"6":{"line":33,"type":"binary-expr","locations":[{"start":{"line":33,"column":8},"end":{"line":33,"column":53}},{"start":{"line":33,"column":57},"end":{"line":33,"column":88}}]},"7":{"line":39,"type":"if","locations":[{"start":{"line":39,"column":4},"end":{"line":39,"column":4}},{"start":{"line":39,"column":4},"end":{"line":39,"column":4}}]},"8":{"line":39,"type":"binary-expr","locations":[{"start":{"line":39,"column":8},"end":{"line":39,"column":53}},{"start":{"line":39,"column":57},"end":{"line":39,"column":88}}]},"9":{"line":57,"type":"if","locations":[{"start":{"line":57,"column":6},"end":{"line":57,"column":6}},{"start":{"line":57,"column":6},"end":{"line":57,"column":6}}]},"10":{"line":72,"type":"cond-expr","locations":[{"start":{"line":72,"column":35},"end":{"line":72,"column":53}},{"start":{"line":72,"column":56},"end":{"line":72,"column":75}}]},"11":{"line":77,"type":"if","locations":[{"start":{"line":77,"column":6},"end":{"line":77,"column":6}},{"start":{"line":77,"column":6},"end":{"line":77,"column":6}}]},"12":{"line":78,"type":"if","locations":[{"start":{"line":78,"column":8},"end":{"line":78,"column":8}},{"start":{"line":78,"column":8},"end":{"line":78,"column":8}}]}}}}