TN:
SF:src\lib\classes.js
FN:1,(anonymous_1)
FN:3,(anonymous_2)
FN:10,(anonymous_3)
FN:22,(anonymous_4)
FNF:4
FNH:4
FNDA:1,(anonymous_1)
FNDA:7,(anonymous_2)
FNDA:7,(anonymous_3)
FNDA:14,(anonymous_4)
DA:1,1
DA:3,1
DA:5,7
DA:6,7
DA:10,1
DA:12,7
DA:13,7
DA:17,1
DA:22,1
DA:24,14
DA:26,14
DA:28,23
DA:30,23
DA:31,11
DA:33,12
DA:34,12
DA:39,14
DA:40,14
LF:18
LH:18
BRDA:30,1,0,11
BRDA:30,1,1,12
BRDA:33,2,0,12
BRDA:33,2,1,0
BRF:4
BRH:3
end_of_record
TN:
SF:src\lib\customization.js
FN:1,(anonymous_1)
FN:3,(anonymous_2)
FN:11,(anonymous_3)
FN:24,(anonymous_4)
FNF:4
FNH:4
FNDA:1,(anonymous_1)
FNDA:2,(anonymous_2)
FNDA:2,(anonymous_3)
FNDA:4,(anonymous_4)
DA:1,1
DA:3,1
DA:5,2
DA:6,2
DA:8,2
DA:11,1
DA:13,2
DA:14,2
DA:16,2
DA:19,1
DA:24,1
DA:26,4
DA:28,4
DA:30,4
DA:32,12
DA:34,12
DA:36,6
DA:37,3
DA:40,3
DA:41,3
DA:47,4
LF:21
LH:21
BRDA:26,1,0,4
BRDA:26,1,1,0
BRDA:26,2,0,4
BRDA:26,2,1,4
BRDA:34,3,0,6
BRDA:34,3,1,6
BRDA:34,4,0,12
BRDA:34,4,1,12
BRDA:34,4,2,6
BRDA:36,5,0,3
BRDA:36,5,1,3
BRDA:40,6,0,3
BRDA:40,6,1,0
BRF:13
BRH:11
end_of_record
TN:
SF:src\lib\cuts-the-mustard.js
FN:1,(anonymous_1)
FN:10,(anonymous_2)
FNF:2
FNH:1
FNDA:3,(anonymous_1)
FNDA:0,(anonymous_2)
DA:1,1
DA:3,3
DA:4,3
DA:6,3
DA:9,3
DA:10,2
DA:11,0
DA:12,0
DA:13,0
DA:14,0
DA:16,2
DA:17,2
DA:20,3
LF:13
LH:9
BRDA:3,1,0,3
BRDA:3,1,1,0
BRDA:4,2,0,3
BRDA:4,2,1,0
BRDA:9,3,0,2
BRDA:9,3,1,1
BRF:6
BRH:4
end_of_record
TN:
SF:src\lib\defaults.js
FN:1,(anonymous_1)
FNF:1
FNH:1
FNDA:2,(anonymous_1)
DA:1,1
DA:3,2
DA:9,2
DA:15,2
LF:4
LH:4
BRF:0
BRH:0
end_of_record
TN:
SF:src\lib\element-is-valid.js
FN:1,(anonymous_1)
FNF:1
FNH:1
FNDA:14,(anonymous_1)
DA:1,1
DA:3,14
DA:4,2
DA:7,12
DA:9,12
DA:10,12
DA:11,12
DA:13,12
LF:8
LH:8
BRDA:3,1,0,2
BRDA:3,1,1,12
BRDA:3,2,0,14
BRDA:3,2,1,13
BRDA:7,3,0,1
BRDA:7,3,1,11
BRDA:11,4,0,7
BRDA:11,4,1,5
BRDA:11,5,0,12
BRDA:11,5,1,10
BRDA:11,5,2,9
BRDA:13,6,0,6
BRDA:13,6,1,6
BRDA:13,7,0,12
BRDA:13,7,1,10
BRF:15
BRH:15
end_of_record
TN:
SF:src\lib\get-content-string.js
FN:1,(anonymous_1)
FNF:1
FNH:1
FNDA:5,(anonymous_1)
DA:1,1
DA:3,5
DA:5,5
DA:6,3
DA:14,2
DA:16,2
DA:18,6
DA:20,6
DA:21,2
DA:26,5
DA:27,5
DA:28,5
DA:30,5
LF:13
LH:13
BRDA:5,1,0,3
BRDA:5,1,1,2
BRDA:5,2,0,5
BRDA:5,2,1,4
BRDA:5,2,2,3
BRDA:20,3,0,2
BRDA:20,3,1,4
BRDA:20,4,0,6
BRDA:20,4,1,4
BRF:9
BRH:9
end_of_record
TN:
SF:src\lib\insert-styles.js
FN:1,(anonymous_1)
FNF:1
FNH:1
FNDA:5,(anonymous_1)
DA:1,1
DA:3,5
DA:5,5
DA:6,2
DA:13,3
DA:16,5
DA:17,5
DA:18,5
DA:19,5
LF:9
LH:9
BRDA:5,1,0,2
BRDA:5,1,1,3
BRF:2
BRH:2
end_of_record
TN:
SF:src\lib\is-supported.js
FN:1,(anonymous_1)
FNF:1
FNH:1
FNDA:10,(anonymous_1)
DA:1,1
DA:5,10
DA:7,10
DA:8,6
DA:13,4
DA:14,4
DA:15,2
DA:19,2
DA:20,2
DA:21,1
DA:25,0
DA:29,1
LF:12
LH:11
BRDA:5,1,0,10
BRDA:5,1,1,5
BRDA:5,1,2,6
BRDA:7,2,0,6
BRDA:7,2,1,4
BRDA:13,3,0,4
BRDA:13,3,1,3
BRDA:14,4,0,2
BRDA:14,4,1,2
BRDA:20,5,0,1
BRDA:20,5,1,1
BRF:11
BRH:11
end_of_record
TN:
SF:src\lib\sanitized-element.js
FN:1,(anonymous_1)
FNF:1
FNH:1
FNDA:6,(anonymous_1)
DA:1,1
DA:3,6
DA:4,2
DA:8,4
DA:9,1
DA:14,4
DA:15,1
DA:19,4
DA:20,3
DA:23,1
LF:10
LH:10
BRDA:3,1,0,2
BRDA:3,1,1,4
BRDA:3,2,0,6
BRDA:3,2,1,5
BRDA:8,3,0,1
BRDA:8,3,1,3
BRDA:14,4,0,1
BRDA:14,4,1,3
BRDA:19,5,0,3
BRDA:19,5,1,1
BRF:10
BRH:10
end_of_record
TN:
SF:src\main.js
FN:1,(anonymous_1)
FN:56,(anonymous_2)
FN:92,(anonymous_3)
FNF:3
FNH:1
FNDA:3,(anonymous_1)
FNDA:0,(anonymous_2)
FNDA:0,(anonymous_3)
DA:1,1
DA:3,3
DA:4,3
DA:7,3
DA:8,3
DA:9,3
DA:10,3
DA:14,0
DA:17,0
DA:18,0
DA:19,0
DA:20,0
DA:23,0
DA:25,0
DA:27,0
DA:30,0
DA:31,0
DA:35,0
DA:36,0
DA:37,0
DA:41,0
DA:42,0
DA:43,0
DA:47,0
DA:50,0
DA:51,0
DA:52,0
DA:53,0
DA:56,0
DA:57,0
DA:58,0
DA:60,0
DA:61,0
DA:62,0
DA:63,0
DA:64,0
DA:65,0
DA:68,0
DA:72,0
DA:75,0
DA:76,0
DA:77,0
DA:80,0
DA:81,0
DA:82,0
DA:85,0
DA:87,0
DA:92,0
DA:93,0
DA:94,0
DA:95,0
DA:99,0
LF:52
LH:7
BRDA:3,1,0,3
BRDA:3,1,1,3
BRDA:4,2,0,3
BRDA:4,2,1,3
BRDA:7,3,0,3
BRDA:7,3,1,0
BRDA:17,4,0,0
BRDA:17,4,1,0
BRDA:30,5,0,0
BRDA:30,5,1,0
BRDA:30,6,0,0
BRDA:30,6,1,0
BRDA:30,6,2,0
BRDA:30,6,3,0
BRDA:36,7,0,0
BRDA:36,7,1,0
BRDA:36,8,0,0
BRDA:36,8,1,0
BRDA:42,9,0,0
BRDA:42,9,1,0
BRDA:42,10,0,0
BRDA:42,10,1,0
BRDA:60,11,0,0
BRDA:60,11,1,0
BRDA:75,12,0,0
BRDA:75,12,1,0
BRDA:80,13,0,0
BRDA:80,13,1,0
BRDA:81,14,0,0
BRDA:81,14,1,0
BRF:30
BRH:5
end_of_record
TN:
SF:src\footer.js
FNF:0
FNH:0
DA:3,1
DA:7,1
DA:10,1
LF:3
LH:3
BRF:0
BRH:0
end_of_record
