TN:
SF:src\lib\classes.js
FN:1,(anonymous_1)
FN:3,(anonymous_2)
FN:10,(anonymous_3)
FN:22,(anonymous_4)
FNF:4
FNH:4
FNDA:9,(anonymous_1)
FNDA:22,(anonymous_2)
FNDA:16,(anonymous_3)
FNDA:38,(anonymous_4)
DA:1,1
DA:3,9
DA:5,22
DA:6,22
DA:10,9
DA:12,16
DA:13,16
DA:17,9
DA:22,9
DA:24,38
DA:26,38
DA:28,61
DA:30,61
DA:31,36
DA:33,25
DA:34,25
DA:35,25
DA:36,25
DA:41,38
DA:42,38
LF:20
LH:20
BRDA:30,1,0,36
BRDA:30,1,1,25
BRDA:33,2,0,25
BRDA:33,2,1,0
BRF:4
BRH:3
end_of_record
TN:
SF:src\lib\customization.js
FN:1,(anonymous_1)
FN:3,(anonymous_2)
FN:11,(anonymous_3)
FN:24,(anonymous_4)
FNF:4
FNH:4
FNDA:9,(anonymous_1)
FNDA:9,(anonymous_2)
FNDA:9,(anonymous_3)
FNDA:18,(anonymous_4)
DA:1,1
DA:3,9
DA:5,9
DA:6,9
DA:8,9
DA:11,9
DA:13,9
DA:14,9
DA:16,9
DA:19,9
DA:24,9
DA:26,18
DA:28,18
DA:30,18
DA:32,54
DA:34,54
DA:36,10
DA:37,5
DA:40,5
DA:41,5
DA:47,18
LF:21
LH:21
BRDA:26,1,0,18
BRDA:26,1,1,0
BRDA:26,2,0,18
BRDA:26,2,1,18
BRDA:34,3,0,10
BRDA:34,3,1,44
BRDA:34,4,0,54
BRDA:34,4,1,54
BRDA:34,4,2,10
BRDA:36,5,0,5
BRDA:36,5,1,5
BRDA:40,6,0,5
BRDA:40,6,1,0
BRF:13
BRH:11
end_of_record
TN:
SF:src\lib\cuts-the-mustard.js
FN:1,(anonymous_1)
FN:10,(anonymous_2)
FNF:2
FNH:1
FNDA:3,(anonymous_1)
FNDA:0,(anonymous_2)
DA:1,1
DA:3,3
DA:4,3
DA:6,3
DA:9,3
DA:10,2
DA:11,0
DA:12,0
DA:13,0
DA:14,0
DA:16,2
DA:17,2
DA:20,3
LF:13
LH:9
BRDA:3,1,0,3
BRDA:3,1,1,0
BRDA:4,2,0,3
BRDA:4,2,1,0
BRDA:9,3,0,2
BRDA:9,3,1,1
BRF:6
BRH:4
end_of_record
TN:
SF:src\lib\defaults.js
FN:1,(anonymous_1)
FNF:1
FNH:1
FNDA:10,(anonymous_1)
DA:1,1
DA:3,10
DA:9,10
DA:15,10
LF:4
LH:4
BRF:0
BRH:0
end_of_record
TN:
SF:src\lib\element-is-valid.js
FN:1,(anonymous_1)
FNF:1
FNH:1
FNDA:25,(anonymous_1)
DA:1,1
DA:3,25
DA:4,2
DA:7,23
DA:9,23
DA:10,23
DA:11,23
DA:13,23
LF:8
LH:8
BRDA:3,1,0,2
BRDA:3,1,1,23
BRDA:3,2,0,25
BRDA:3,2,1,24
BRDA:7,3,0,1
BRDA:7,3,1,22
BRDA:11,4,0,15
BRDA:11,4,1,8
BRDA:11,5,0,23
BRDA:11,5,1,20
BRDA:11,5,2,13
BRDA:13,6,0,14
BRDA:13,6,1,9
BRDA:13,7,0,23
BRDA:13,7,1,21
BRF:15
BRH:15
end_of_record
TN:
SF:src\lib\get-content-string.js
FN:1,(anonymous_1)
FNF:1
FNH:1
FNDA:13,(anonymous_1)
DA:1,1
DA:3,13
DA:5,13
DA:6,3
DA:14,10
DA:16,10
DA:18,30
DA:20,30
DA:21,2
DA:26,13
DA:27,13
DA:28,13
DA:30,13
LF:13
LH:13
BRDA:5,1,0,3
BRDA:5,1,1,10
BRDA:5,2,0,13
BRDA:5,2,1,12
BRDA:5,2,2,11
BRDA:20,3,0,2
BRDA:20,3,1,28
BRDA:20,4,0,30
BRDA:20,4,1,28
BRF:9
BRH:9
end_of_record
TN:
SF:src\lib\insert-styles.js
FN:1,(anonymous_1)
FNF:1
FNH:1
FNDA:5,(anonymous_1)
DA:1,1
DA:3,5
DA:5,5
DA:6,2
DA:13,3
DA:16,5
DA:17,5
DA:18,5
DA:19,5
LF:9
LH:9
BRDA:5,1,0,2
BRDA:5,1,1,3
BRF:2
BRH:2
end_of_record
TN:
SF:src\lib\is-supported.js
FN:1,(anonymous_1)
FNF:1
FNH:1
FNDA:21,(anonymous_1)
DA:1,1
DA:3,21
DA:4,21
DA:8,21
DA:10,21
DA:11,5
DA:16,16
DA:17,16
DA:18,2
DA:22,14
DA:23,14
DA:24,12
DA:28,1
DA:32,1
LF:14
LH:14
BRDA:3,1,0,21
BRDA:3,1,1,0
BRDA:4,2,0,21
BRDA:4,2,1,0
BRDA:8,3,0,21
BRDA:8,3,1,17
BRDA:8,3,2,5
BRDA:10,4,0,5
BRDA:10,4,1,16
BRDA:16,5,0,16
BRDA:16,5,1,15
BRDA:17,6,0,2
BRDA:17,6,1,14
BRDA:23,7,0,12
BRDA:23,7,1,1
BRF:15
BRH:13
end_of_record
TN:
SF:src\lib\sanitized-element.js
FN:1,(anonymous_1)
FNF:1
FNH:1
FNDA:17,(anonymous_1)
DA:1,1
DA:3,17
DA:4,2
DA:8,15
DA:9,1
DA:14,15
DA:15,1
DA:19,15
DA:20,14
DA:23,1
LF:10
LH:10
BRDA:3,1,0,2
BRDA:3,1,1,15
BRDA:3,2,0,17
BRDA:3,2,1,16
BRDA:8,3,0,1
BRDA:8,3,1,14
BRDA:14,4,0,1
BRDA:14,4,1,14
BRDA:19,5,0,14
BRDA:19,5,1,1
BRF:10
BRH:10
end_of_record
TN:
SF:src\main.js
FN:1,(anonymous_1)
FN:56,(anonymous_2)
FN:92,(anonymous_3)
FNF:3
FNH:3
FNDA:13,(anonymous_1)
FNDA:6,(anonymous_2)
FNDA:1,(anonymous_3)
DA:1,1
DA:3,13
DA:4,13
DA:7,13
DA:8,2
DA:9,2
DA:10,2
DA:14,11
DA:17,11
DA:18,3
DA:19,3
DA:20,3
DA:23,8
DA:25,8
DA:27,8
DA:30,8
DA:31,6
DA:35,8
DA:36,8
DA:37,7
DA:41,8
DA:42,8
DA:43,7
DA:47,8
DA:50,8
DA:51,8
DA:52,8
DA:53,8
DA:56,8
DA:57,6
DA:58,6
DA:60,6
DA:61,1
DA:62,1
DA:63,1
DA:64,1
DA:65,1
DA:68,5
DA:72,6
DA:75,6
DA:76,6
DA:77,6
DA:80,6
DA:81,6
DA:82,1
DA:85,5
DA:87,6
DA:92,8
DA:93,1
DA:94,1
DA:95,1
DA:99,8
LF:52
LH:52
BRDA:3,1,0,13
BRDA:3,1,1,2
BRDA:4,2,0,13
BRDA:4,2,1,13
BRDA:7,3,0,2
BRDA:7,3,1,11
BRDA:17,4,0,3
BRDA:17,4,1,8
BRDA:30,5,0,6
BRDA:30,5,1,2
BRDA:30,6,0,8
BRDA:30,6,1,8
BRDA:30,6,2,2
BRDA:30,6,3,2
BRDA:36,7,0,7
BRDA:36,7,1,1
BRDA:36,8,0,8
BRDA:36,8,1,7
BRDA:42,9,0,7
BRDA:42,9,1,1
BRDA:42,10,0,8
BRDA:42,10,1,7
BRDA:60,11,0,1
BRDA:60,11,1,5
BRDA:75,12,0,0
BRDA:75,12,1,6
BRDA:80,13,0,6
BRDA:80,13,1,0
BRDA:81,14,0,1
BRDA:81,14,1,5
BRF:30
BRH:28
end_of_record
TN:
SF:src\footer.js
FNF:0
FNH:0
DA:3,1
DA:7,1
DA:10,1
LF:3
LH:3
BRF:0
BRH:0
end_of_record
